{"/Users/scott/workspaces/github/jest-react-app/src/hello.js": {"path":"/Users/scott/workspaces/github/jest-react-app/src/hello.js","statementMap":{"0":{"start":{"line":6,"column":4},"end":{"line":6,"column":33}}},"fnMap":{"0":{"name":"(anonymous_0)","decl":{"start":{"line":5,"column":2},"end":{"line":5,"column":3}},"loc":{"start":{"line":5,"column":11},"end":{"line":7,"column":3}},"line":5}},"branchMap":{},"s":{"0":1},"f":{"0":1},"b":{},"_coverageSchema":"332fd63041d2c1bcb487cc26dd0d5f7d97098a6c","hash":"c4f369423a6207bf5f8beffd8d425544ee353224"}
}
